SF:lib\core\network\network_info.dart
DA:10,1
DA:12,1
DA:13,2
LF:3
LH:3
end_of_record
SF:lib\core\util\presentation\input_converter.dart
DA:5,1
DA:7,1
DA:8,2
DA:9,1
DA:10,1
DA:11,2
LF:6
LH:6
end_of_record
SF:lib\core\error\failure.dart
DA:4,6
LF:1
LH:1
end_of_record
SF:lib\features\dynamic_form_load\data\datasources\checks_page_local_data_source.dart
DA:20,1
DA:22,1
DA:24,4
DA:27,1
DA:29,2
DA:31,3
DA:33,1
DA:37,0
DA:40,0
LF:9
LH:7
end_of_record
SF:lib\features\dynamic_form_load\data\models\checks_page_model.dart
DA:14,5
DA:18,5
DA:19,5
DA:20,5
DA:23,3
DA:24,3
DA:25,3
DA:27,6
DA:28,6
DA:31,6
DA:32,3
DA:34,15
DA:35,3
DA:36,3
DA:37,3
DA:41,3
DA:46,2
DA:47,2
DA:48,10
DA:49,10
DA:54,5
DA:56,5
DA:57,25
DA:58,25
DA:60,20
DA:62,20
DA:69,1
DA:70,3
LF:28
LH:28
end_of_record
SF:lib\features\dynamic_form_load\data\models\visit_model.dart
DA:11,3
DA:14,1
DA:15,1
DA:16,2
DA:17,1
DA:18,2
DA:21,1
DA:22,1
DA:23,2
DA:24,1
DA:25,2
LF:11
LH:11
end_of_record
SF:lib\features\dynamic_form_load\data\models\check_model.dart
DA:11,6
DA:18,6
DA:26,4
DA:27,4
DA:28,4
DA:29,4
DA:30,4
DA:31,8
DA:32,4
DA:33,4
DA:36,3
DA:37,3
DA:38,3
DA:39,3
DA:40,3
DA:41,6
DA:42,3
DA:43,3
DA:47,4
DA:49,4
DA:50,12
DA:51,12
DA:52,12
DA:53,12
DA:54,12
DA:55,12
DA:67,0
DA:69,0
LF:28
LH:26
end_of_record
SF:lib\features\dynamic_form_load\data\models\check_type.dart
DA:1,11
DA:2,11
DA:3,11
DA:4,11
DA:8,4
DA:9,4
DA:10,4
DA:12,4
DA:19,3
DA:21,3
DA:23,3
DA:25,0
LF:12
LH:11
end_of_record
SF:lib\features\dynamic_form_load\domain\entities\check_entity.dart
DA:13,8
DA:24,1
DA:25,1
DA:26,1
DA:27,1
DA:28,1
DA:29,1
DA:30,1
DA:31,1
LF:9
LH:9
end_of_record
SF:lib\features\dynamic_form_load\data\models\segment_model.dart
DA:10,12
DA:12,4
DA:13,4
DA:14,4
DA:15,8
DA:16,4
DA:17,4
DA:20,4
DA:21,4
DA:26,3
DA:27,3
DA:28,3
DA:29,3
DA:33,4
DA:35,4
DA:36,12
DA:37,16
DA:43,0
DA:44,0
LF:19
LH:17
end_of_record
SF:lib\features\dynamic_form_load\domain\entities\checks_page_entity.dart
DA:11,6
DA:12,12
LF:2
LH:2
end_of_record
SF:lib\features\dynamic_form_load\domain\entities\segment_entity.dart
DA:8,8
DA:12,1
DA:13,3
LF:3
LH:3
end_of_record
SF:lib\features\dynamic_form_load\data\models\visitor_model.dart
DA:8,3
DA:10,2
DA:11,2
DA:12,2
DA:13,2
DA:16,2
DA:17,6
LF:7
LH:7
end_of_record
SF:lib\features\dynamic_form_load\domain\entities\visitor_entity.dart
DA:8,3
LF:1
LH:1
end_of_record
SF:lib\features\dynamic_form_load\data\models\check_submission_model_list.dart
DA:8,8
DA:10,2
DA:11,2
DA:13,8
DA:14,2
DA:17,2
DA:19,10
LF:7
LH:7
end_of_record
SF:lib\features\dynamic_form_load\domain\entities\visit_entity.dart
DA:11,3
LF:1
LH:1
end_of_record
SF:lib\features\dynamic_form_load\domain\entities\check_submission_entity_list.dart
DA:8,4
DA:10,1
DA:12,1
LF:3
LH:3
end_of_record
SF:lib\features\dynamic_form_load\data\models\check_submission_model.dart
DA:8,3
DA:10,3
DA:11,3
DA:12,6
DA:15,3
DA:16,9
LF:6
LH:6
end_of_record
SF:lib\features\dynamic_form_load\domain\entities\check_submission_entity.dart
DA:8,3
LF:1
LH:1
end_of_record
SF:lib\features\dynamic_form_load\data\datasources\checks_page_remote_data_source.dart
DA:18,1
DA:20,1
DA:22,3
DA:23,1
DA:24,1
DA:25,2
DA:26,2
DA:28,2
DA:29,3
DA:31,1
DA:35,0
DA:38,0
LF:12
LH:10
end_of_record
SF:lib\features\dynamic_form_load\data\repositories\checks_page_repository_impl.dart
DA:17,1
DA:23,1
DA:25,3
DA:28,3
DA:29,2
DA:30,1
DA:31,1
DA:32,2
DA:36,3
DA:37,1
DA:38,1
DA:39,2
DA:45,1
DA:46,3
DA:48,3
DA:49,2
DA:50,1
DA:51,1
DA:52,2
DA:55,2
DA:56,1
LF:21
LH:21
end_of_record
SF:lib\features\dynamic_form_load\domain\usecases\get_checks_page.dart
DA:12,1
DA:15,1
DA:16,4
DA:23,2
DA:25,4
LF:5
LH:5
end_of_record
SF:lib\features\dynamic_form_load\domain\usecases\sign_in_visitor.dart
DA:11,1
DA:14,1
DA:15,4
DA:22,1
LF:4
LH:4
end_of_record
SF:lib\features\dynamic_form_load\presentation\bloc\dynamic_checks_load_bloc.dart
DA:19,1
DA:22,0
DA:23,0
DA:24,2
DA:27,1
DA:30,1
DA:31,3
DA:33,2
DA:34,1
DA:35,2
DA:37,1
DA:38,2
DA:39,4
DA:40,2
DA:46,1
DA:49,2
DA:50,3
DA:51,2
DA:55,1
DA:56,1
DA:57,1
DA:59,1
LF:22
LH:20
end_of_record
SF:lib\features\dynamic_form_load\presentation\bloc\dynamic_checks_load_event.dart
DA:6,2
DA:12,3
LF:2
LH:2
end_of_record
SF:lib\features\dynamic_form_load\presentation\bloc\dynamic_checks_load_state.dart
DA:8,2
DA:18,3
DA:24,3
LF:3
LH:3
end_of_record
